<?xml version="1.0" encoding="UTF-8"?>
<!-- Generated by org.testng.reporters.JUnitXMLReporter -->
<testsuite ignored="0" hostname="DESKTOP-KD287T4" failures="1" tests="3" name="Test" time="11.288" errors="0" timestamp="2020-03-24T12:55:27 IST">
  <testcase classname="Listeneres.ListenerAnnotationTest" name="openBrowser" time="11.234"/>
  <testcase classname="Listeneres.ListenerAnnotationTest" name="verifyTitle" time="0.005">
    <failure type="junit.framework.AssertionFailedError">
      <![CDATA[junit.framework.AssertionFailedError
at junit.framework.Assert.fail(Assert.java:47)
at junit.framework.Assert.assertTrue(Assert.java:20)
at junit.framework.Assert.assertTrue(Assert.java:27)
at Listeneres.ListenerAnnotationTest.verifyTitle(ListenerAnnotationTest.java:37)
at java.base/java.util.ArrayList.forEach(ArrayList.java:1507)
... Removed 27 stack frames]]>
    </failure>
  </testcase> <!-- verifyTitle -->
  <testcase classname="Listeneres.ListenerSeriesTest" name="sendData" time="0.002"/>
</testsuite> <!-- Test -->
